2025-10-30 16:41:13,643 - db_helper - INFO - fetch_expense_for_data called with 2024-08-01
2025-10-30 16:41:13,718 - db_helper - INFO - fetch expense summary data called with 2024-08-01 and 2024-08-03
2025-10-31 16:43:12,645 - db_helper - INFO - fetch_expense_for_data called with 2024-08-01
2025-10-31 16:53:53,612 - db_helper - INFO - fetch_expense_for_data called with 2024-08-01
2025-10-31 16:53:53,679 - db_helper - INFO - fetch expense summary data called with 2024-08-01 and 2024-08-03
2025-11-02 01:37:38,848 - db_helper - INFO - fetch_expense_for_data called with 2024-08-01
2025-11-02 01:45:25,203 - db_helper - INFO - fetch_expense_for_data called with 2024-08-01
2025-11-02 01:55:30,080 - db_helper - INFO - fetch_expense_for_data called with 2024-08-01
2025-11-02 01:57:59,515 - db_helper - INFO - fetch_expense_for_data called with 2024-08-01
2025-11-02 01:58:54,529 - db_helper - INFO - fetch_expense_for_data called with 2024-08-01
2025-11-02 02:02:41,059 - db_helper - INFO - fetch_expense_for_data called with 2024-08-01
2025-11-02 02:11:35,434 - db_helper - INFO - fetch_expense_for_data called with 2024-08-01
2025-11-02 02:13:27,744 - db_helper - INFO - fetch_expense_for_data called with 2024-08-01
2025-11-02 02:13:57,688 - db_helper - INFO - fetch_expense_for_data called with 2024-08-02
2025-11-02 02:14:02,294 - db_helper - INFO - fetch_expense_for_data called with 2024-08-01
2025-11-02 02:15:05,906 - db_helper - INFO - fetch_expense_for_data called with 2024-08-02
2025-11-02 02:15:09,020 - db_helper - INFO - fetch_expense_for_data called with 2024-08-03
2025-11-02 02:15:14,746 - db_helper - INFO - fetch_expense_for_data called with 2024-08-09
2025-11-02 02:15:20,622 - db_helper - INFO - fetch_expense_for_data called with 2024-08-10
2025-11-02 02:16:58,087 - db_helper - INFO - fetch_expense_for_data called with 2024-08-02
2025-11-02 02:17:24,590 - db_helper - INFO - fetch_expense_for_data called with 2024-08-10
2025-11-02 02:17:28,245 - db_helper - INFO - fetch_expense_for_data called with 2024-08-07
2025-11-02 02:17:36,627 - db_helper - INFO - fetch_expense_for_data called with 2024-08-22
2025-11-02 02:17:41,853 - db_helper - INFO - fetch_expense_for_data called with 2024-08-31
2025-11-02 02:17:47,694 - db_helper - INFO - fetch_expense_for_data called with 2024-08-01
2025-11-02 02:19:19,490 - db_helper - INFO - fetch_expense_for_data called with 2024-08-01
2025-11-02 02:19:25,985 - db_helper - INFO - fetch_expense_for_data called with 2024-08-02
2025-11-02 02:21:54,473 - db_helper - INFO - fetch_expense_for_data called with 2024-08-02
2025-11-02 02:22:00,813 - db_helper - INFO - fetch_expense_for_data called with 2024-08-01
2025-11-02 02:22:05,353 - db_helper - INFO - fetch_expense_for_data called with 2024-08-01
2025-11-02 02:22:23,580 - db_helper - INFO - fetch_expense_for_data called with 2024-08-01
2025-11-02 02:32:53,550 - db_helper - INFO - fetch_expense_for_data called with 2024-08-01
2025-11-02 02:36:21,825 - db_helper - INFO - fetch_expense_for_data called with 2024-08-01
2025-11-02 02:36:31,843 - db_helper - INFO - fetch_expense_for_data called with 2024-08-01
2025-11-02 02:38:07,922 - db_helper - INFO - fetch_expense_for_data called with 2024-08-01
2025-11-02 02:38:32,126 - db_helper - INFO - fetch_expense_for_data called with 2024-08-02
2025-11-02 02:38:45,611 - db_helper - INFO - fetch_expense_for_data called with 2024-08-01
2025-11-02 02:38:49,874 - db_helper - INFO - fetch_expense_for_data called with 2024-08-01
2025-11-02 02:40:38,741 - db_helper - INFO - fetch_expense_for_data called with 2024-08-07
2025-11-02 02:40:47,834 - db_helper - INFO - fetch_expense_for_data called with 2024-08-01
2025-11-02 02:41:04,884 - db_helper - INFO - fetch_expense_for_data called with 2024-08-02
2025-11-02 02:41:14,432 - db_helper - INFO - fetch_expense_for_data called with 2024-08-07
2025-11-02 02:41:18,557 - db_helper - INFO - fetch_expense_for_data called with 2024-08-06
2025-11-02 02:41:23,755 - db_helper - INFO - fetch_expense_for_data called with 2024-08-10
2025-11-02 02:41:28,571 - db_helper - INFO - fetch_expense_for_data called with 2024-08-11
2025-11-02 02:41:32,856 - db_helper - INFO - fetch_expense_for_data called with 2024-08-05
2025-11-02 02:41:37,741 - db_helper - INFO - fetch_expense_for_data called with 2024-08-01
2025-11-02 02:41:41,943 - db_helper - INFO - fetch_expense_for_data called with 2024-08-03
2025-11-02 02:41:46,572 - db_helper - INFO - fetch_expense_for_data called with 2024-08-04
2025-11-04 02:20:02,817 - db_helper - INFO - fetch_expense_for_data called with 2024-08-01
2025-11-04 02:20:42,979 - db_helper - INFO - fetch_expense_for_data called with 2024-08-02
2025-11-04 02:28:01,669 - db_helper - INFO - fetch_expense_for_data called with 2024-08-01
2025-11-04 02:28:01,834 - db_helper - INFO - fetch expense summary data called with 2024-08-01 and 2024-08-03
2025-11-04 02:30:00,673 - db_helper - INFO - fetch_expense_for_data called with 2024-08-01
2025-11-04 02:33:37,918 - db_helper - INFO - fetch_expense_for_data called with 2024-08-01
2025-11-04 02:34:05,407 - db_helper - INFO - fetch_expense_for_data called with 2024-08-02
2025-11-04 02:44:06,677 - db_helper - INFO - fetch_expense_for_data called with 2024-08-02
2025-11-04 02:44:24,265 - db_helper - INFO - fetch_expense_for_data called with 2024-08-02
2025-11-04 02:44:28,238 - db_helper - INFO - fetch_expense_for_data called with 2024-08-02
2025-11-04 02:44:30,372 - db_helper - INFO - delete expense data called with 2024-08-02
2025-11-04 02:44:30,476 - db_helper - INFO - insert_expense called with date: 2024-08-02, amount: 50.0, category: Entertainment, notes: Movie tickets
2025-11-04 02:44:30,514 - db_helper - INFO - insert_expense called with date: 2024-08-02, amount: 150.0, category: Shopping, notes: New shoes
2025-11-04 02:44:30,533 - db_helper - INFO - insert_expense called with date: 2024-08-02, amount: 400.0, category: Food, notes: Groceries for the week
2025-11-04 02:44:30,550 - db_helper - INFO - insert_expense called with date: 2024-08-02, amount: 80.0, category: Entertainment, notes: Concert tickets
2025-11-04 02:44:30,565 - db_helper - INFO - insert_expense called with date: 2024-08-02, amount: 100.0, category: Shopping, notes: Clothes
2025-11-04 02:44:40,612 - db_helper - INFO - fetch_expense_for_data called with 2024-08-02
2025-11-04 02:44:42,676 - db_helper - INFO - delete expense data called with 2024-08-02
2025-11-04 02:44:42,722 - db_helper - INFO - insert_expense called with date: 2024-08-02, amount: 50.0, category: Shopping, notes: Movie tickets
2025-11-04 02:44:42,747 - db_helper - INFO - insert_expense called with date: 2024-08-02, amount: 150.0, category: Shopping, notes: New shoes
2025-11-04 02:44:42,773 - db_helper - INFO - insert_expense called with date: 2024-08-02, amount: 400.0, category: Food, notes: Groceries for the week
2025-11-04 02:44:42,799 - db_helper - INFO - insert_expense called with date: 2024-08-02, amount: 80.0, category: Entertainment, notes: Concert tickets
2025-11-04 02:44:42,823 - db_helper - INFO - insert_expense called with date: 2024-08-02, amount: 100.0, category: Shopping, notes: Clothes
2025-11-04 02:45:52,662 - db_helper - INFO - fetch_expense_for_data called with 2024-08-07
2025-11-04 02:47:51,621 - db_helper - INFO - fetch_expense_for_data called with 2024-08-07
2025-11-04 02:47:53,739 - db_helper - INFO - delete expense data called with 2024-08-07
2025-11-04 02:47:53,756 - db_helper - INFO - insert_expense called with date: 2024-08-07, amount: 600.0, category: Shopping, notes: Pant
2025-11-04 02:47:53,773 - db_helper - INFO - insert_expense called with date: 2024-08-07, amount: 200.0, category: Food, notes: Lunch
2025-11-04 02:47:53,789 - db_helper - INFO - insert_expense called with date: 2024-08-07, amount: 500.0, category: Shopping, notes: T-shirt
2025-11-04 02:47:53,803 - db_helper - INFO - insert_expense called with date: 2024-08-07, amount: 100.0, category: Entertainment, notes: Concert tickets
2025-11-04 02:47:53,816 - db_helper - INFO - insert_expense called with date: 2024-08-07, amount: 100.0, category: Other, notes: Others cost
2025-11-04 02:48:33,918 - db_helper - INFO - fetch_expense_for_data called with 2024-08-08
2025-11-04 02:48:58,485 - db_helper - INFO - fetch_expense_for_data called with 2024-08-07
2025-11-04 02:57:49,187 - db_helper - INFO - fetch_expense_for_data called with 2024-08-07
2025-11-04 02:58:02,231 - db_helper - INFO - fetch_expense_for_data called with 2024-08-06
2025-11-04 02:58:24,641 - db_helper - INFO - fetch_expense_for_data called with 2024-08-08
2025-11-04 02:59:18,385 - db_helper - INFO - fetch_expense_for_data called with 2024-08-08
2025-11-04 03:16:54,618 - db_helper - INFO - fetch_expense_for_data called with 2024-08-01
2025-11-04 03:17:33,139 - db_helper - INFO - fetch_expense_for_data called with 2024-08-02
2025-11-04 03:17:41,260 - db_helper - INFO - fetch_expense_for_data called with 2024-08-03
2025-11-04 03:17:48,256 - db_helper - INFO - fetch_expense_for_data called with 2024-08-07
2025-11-04 03:18:43,395 - db_helper - INFO - fetch_expense_for_data called with 2024-08-01
2025-11-04 03:18:52,847 - db_helper - INFO - fetch_expense_for_data called with 2024-08-07
2025-11-04 03:19:26,042 - db_helper - INFO - fetch_expense_for_data called with 2024-08-07
2025-11-04 03:20:52,996 - db_helper - INFO - fetch_expense_for_data called with 2024-08-07
2025-11-04 03:21:25,088 - db_helper - INFO - fetch_expense_for_data called with 2024-08-07
2025-11-04 03:24:18,675 - db_helper - INFO - fetch_expense_for_data called with 2024-08-07
2025-11-04 03:24:32,041 - db_helper - INFO - fetch_expense_for_data called with 2024-08-09
2025-11-04 03:27:15,756 - db_helper - INFO - fetch_expense_for_data called with 2024-08-01
2025-11-04 03:27:21,258 - db_helper - INFO - fetch_expense_for_data called with 2024-08-02
2025-11-04 03:32:37,148 - db_helper - INFO - fetch_expense_for_data called with 2024-08-02
2025-11-04 03:32:43,214 - db_helper - INFO - fetch_expense_for_data called with 2024-08-07
2025-11-04 03:32:48,899 - db_helper - INFO - fetch_expense_for_data called with 2024-08-09
2025-11-04 03:32:53,613 - db_helper - INFO - fetch_expense_for_data called with 2024-08-07
2025-11-04 03:34:26,526 - db_helper - INFO - fetch_expense_for_data called with 2024-08-07
2025-11-04 03:34:32,124 - db_helper - INFO - fetch_expense_for_data called with 2024-08-01
2025-11-04 03:38:38,659 - db_helper - INFO - fetch_expense_for_data called with 2024-08-01
2025-11-04 03:38:43,739 - db_helper - INFO - fetch_expense_for_data called with 2024-08-02
2025-11-04 13:22:41,316 - db_helper - INFO - fetch_expense_for_data called with 2024-08-08
2025-11-04 13:22:43,464 - db_helper - INFO - delete expense data called with 2024-08-08
2025-11-04 13:23:01,182 - db_helper - INFO - fetch_expense_for_data called with 2024-08-07
2025-11-04 13:23:08,816 - db_helper - INFO - fetch_expense_for_data called with 2024-08-06
2025-11-04 13:52:07,786 - db_helper - INFO - fetch_expense_for_data called with 2024-08-01
2025-11-04 13:52:18,026 - db_helper - INFO - fetch_expense_for_data called with 2024-08-02
2025-11-04 14:22:18,786 - db_helper - INFO - fetch_expense_for_data called with 2024-08-01
2025-11-04 14:32:43,660 - db_helper - INFO - fetch_expense_for_data called with 2024-08-01
2025-11-04 23:45:07,882 - db_helper - INFO - fetch_expense_for_data called with 2024-08-01
2025-11-05 19:05:41,614 - db_helper - INFO - fetch_expense_for_data called with 2024-08-02
2025-11-05 21:55:53,858 - db_helper - INFO - fetch_expense_for_data called with 2024-08-02
2025-11-05 21:56:22,520 - db_helper - INFO - fetch expense summary data called with 2024-08-01 and 2024-08-05
2025-11-05 22:07:03,935 - db_helper - INFO - fetch expense summary data called with 2024-08-01 and 2024-08-05
2025-11-05 22:31:24,970 - db_helper - INFO - fetch_expense_for_data called with 2024-08-01
2025-11-05 22:33:51,311 - db_helper - INFO - fetch_expense_for_data called with 2024-08-01
2025-11-05 23:01:24,816 - db_helper - INFO - fetch_expense_for_data called with 2024-08-01
2025-11-05 23:01:37,714 - db_helper - INFO - fetch_expense_for_data called with 2024-08-01
2025-11-05 23:01:39,839 - db_helper - INFO - fetch expense summary data called with 2024-08-07 and 2024-08-05
2025-11-05 23:01:50,207 - db_helper - INFO - fetch_expense_for_data called with 2024-08-01
2025-11-05 23:01:53,168 - db_helper - INFO - fetch_expense_for_data called with 2024-08-01
2025-11-05 23:01:55,267 - db_helper - INFO - fetch expense summary data called with 2024-08-01 and 2024-08-05
2025-11-05 23:06:50,472 - db_helper - INFO - fetch_expense_for_data called with 2024-08-01
2025-11-05 23:06:57,433 - db_helper - INFO - fetch_expense_for_data called with 2024-08-01
2025-11-05 23:06:59,541 - db_helper - INFO - fetch expense summary data called with 2024-08-01 and 2024-08-05
2025-11-05 23:09:13,735 - db_helper - INFO - fetch_expense_for_data called with 2024-08-01
2025-11-05 23:09:19,016 - db_helper - INFO - fetch_expense_for_data called with 2024-08-01
2025-11-05 23:09:21,113 - db_helper - INFO - fetch expense summary data called with 2024-08-01 and 2024-08-05
2025-11-05 23:10:45,655 - db_helper - INFO - fetch_expense_for_data called with 2024-08-01
2025-11-05 23:10:49,035 - db_helper - INFO - fetch_expense_for_data called with 2024-08-01
2025-11-05 23:10:51,148 - db_helper - INFO - fetch expense summary data called with 2024-08-01 and 2024-08-05
2025-11-05 23:14:58,079 - db_helper - INFO - fetch_expense_for_data called with 2024-08-01
2025-11-05 23:15:01,787 - db_helper - INFO - fetch_expense_for_data called with 2024-08-01
2025-11-05 23:15:03,837 - db_helper - INFO - fetch expense summary data called with 2024-08-01 and 2024-08-05
2025-11-05 23:18:56,292 - db_helper - INFO - fetch_expense_for_data called with 2024-08-01
2025-11-05 23:19:03,988 - db_helper - INFO - fetch_expense_for_data called with 2024-08-01
2025-11-05 23:19:06,068 - db_helper - INFO - fetch expense summary data called with 2024-08-01 and 2024-08-05
2025-11-05 23:31:33,438 - db_helper - INFO - fetch_expense_for_data called with 2024-08-01
2025-11-05 23:31:38,028 - db_helper - INFO - fetch_expense_for_data called with 2024-08-01
2025-11-05 23:31:40,129 - db_helper - INFO - fetch expense summary data called with 2024-08-01 and 2024-08-05
2025-11-05 23:39:43,559 - db_helper - INFO - fetch_expense_for_data called with 2024-08-01
2025-11-05 23:42:41,767 - db_helper - INFO - fetch_expense_for_data called with 2024-08-01
2025-11-05 23:42:43,960 - db_helper - INFO - fetch expense summary data called with 2024-08-01 and 2024-08-05
2025-11-05 23:43:29,401 - db_helper - INFO - fetch_expense_for_data called with 2024-08-01
2025-11-05 23:43:34,560 - db_helper - INFO - fetch_expense_for_data called with 2024-08-01
2025-11-05 23:43:36,729 - db_helper - INFO - fetch expense summary data called with 2024-08-01 and 2024-08-05
2025-11-06 01:53:16,373 - db_helper - INFO - fetch_expense_for_data called with 2024-08-01
2025-11-06 01:53:27,248 - db_helper - INFO - fetch_expense_for_data called with 2024-08-13
2025-11-06 01:53:33,437 - db_helper - INFO - fetch_expense_for_data called with 2024-08-03
2025-11-06 01:53:50,506 - db_helper - INFO - fetch_expense_for_data called with 2024-08-03
2025-11-06 01:53:52,624 - db_helper - INFO - fetch expense summary data called with 2024-08-01 and 2024-08-05
